<component name="libraryTable">
  <library name="junit">
    <CLASSES>
      <root url="jar://$PROJECT_DIR$/lib/junit-4.8.2.jar!/" />
    </CLASSES>
    <JAVADOC>
      <root url="http://kentbeck.github.com/junit/javadoc/4.8/" />
    </JAVADOC>
    <SOURCES />
  </library>
</component>